directorypath C:\Users\Baile\Documents\Coding\gocli
directorypath C:\Users\Baile\Documents\Coding
directorypath C:\Users\Baile\Documents\Coding\gocli
directorypath C:\Users\Baile\Documents\Coding\gocli\cmd
directorypath C:\Users\Baile\Documents\Coding\gocli
directorypath C:\Users\Baile\Documents\Coding
directorypath C:\Users\Baile\Documents\Coding\jest-demo
directorypath C:\Users\Baile\Documents\Coding\jest-demo\.git
directorypath C:\Users\Baile\Documents\Coding\jest-demo
directorypath C:\Users\Baile\Documents\Coding
directorypath C:\Users\Baile\Documents
directorypath C:\Users\Baile
directorypath C:\Users\Baile\Downloads
directorypath C:\Users\Baile
directorypath C:\Users\Baile\Documents
directorypath C:\Users\Baile\Documents\Coding
directorypath C:\Users\Baile\Documents\Coding\CodeNation
directorypath C:\Users\Baile\Documents\Coding
directorypath C:\Users\Baile\Documents\Coding\GoExercism
directorypath C:\Users\Baile\Documents\Coding
